<?xml version="1.0" encoding="UTF-8"?>
<!-- Generated by org.testng.reporters.JUnitReportReporter -->
<testsuite hostname="hplaptop" failures="0" tests="1" name="com.xyz.qa.testcases.WithdrawPageTest" time="40.309" errors="0" timestamp="06 Mar 2024 17:38:18 GMT" skipped="0">
  <testcase classname="com.xyz.qa.testcases.WithdrawPageTest" name="withdrawAmount" time="40.309"/>
</testsuite> <!-- com.xyz.qa.testcases.WithdrawPageTest -->
