<?xml version="1.0" encoding="UTF-8"?>
<!-- Generated by org.testng.reporters.JUnitReportReporter -->
<testsuite hostname="hplaptop" failures="0" tests="3" name="com.xyz.qa.testcases.LoginPageTest" time="68.587" errors="0" timestamp="06 Mar 2024 17:33:38 GMT" skipped="0">
  <testcase classname="com.xyz.qa.testcases.LoginPageTest" name="customerLoginTest" time="31.703"/>
  <testcase classname="com.xyz.qa.testcases.LoginPageTest" name="loginPageTitleTest" time="19.007"/>
  <testcase classname="com.xyz.qa.testcases.LoginPageTest" name="loginTest" time="17.877"/>
</testsuite> <!-- com.xyz.qa.testcases.LoginPageTest -->
